<?xml version="1.0" encoding="UTF-8"?>
<testng-results ignored="0" total="1" passed="1" failed="0" skipped="0">
  <reporter-output>
  </reporter-output>
  <suite started-at="2025-08-08T15:10:18 IST" name="API Test Suite" finished-at="2025-08-08T15:10:20 IST" duration-ms="2427">
    <groups>
    </groups>
    <test started-at="2025-08-08T15:10:18 IST" name="User API Tests" finished-at="2025-08-08T15:10:20 IST" duration-ms="2427">
      <class name="tests.UserTests">
        <test-method is-config="true" signature="setup()[pri:0, instance:tests.UserTests@59662a0b]" started-at="2025-08-08T15:10:17 IST" name="setup" finished-at="2025-08-08T15:10:18 IST" duration-ms="786" status="PASS">
          <reporter-output>
          </reporter-output>
        </test-method> <!-- setup -->
        <test-method signature="testGetUserWithPojo()[pri:0, instance:tests.UserTests@59662a0b]" started-at="2025-08-08T15:10:18 IST" name="testGetUserWithPojo" finished-at="2025-08-08T15:10:20 IST" duration-ms="2394" status="PASS">
          <reporter-output>
          </reporter-output>
        </test-method> <!-- testGetUserWithPojo -->
        <test-method is-config="true" signature="tearDown()[pri:0, instance:tests.UserTests@59662a0b]" started-at="2025-08-08T15:10:20 IST" name="tearDown" finished-at="2025-08-08T15:10:21 IST" duration-ms="294" status="PASS">
          <reporter-output>
          </reporter-output>
        </test-method> <!-- tearDown -->
      </class> <!-- tests.UserTests -->
    </test> <!-- User API Tests -->
  </suite> <!-- API Test Suite -->
</testng-results>
